[debug] [2018-12-04T22:08:43.131Z] ----------------------------------------------------------------------
[debug] [2018-12-04T22:08:43.131Z] Command:       C:\Program Files\nodejs\node.exe C:\Users\jongh\AppData\Roaming\npm\node_modules\firebase-tools\lib\bin\firebase.js login
[debug] [2018-12-04T22:08:43.131Z] CLI Version:   6.1.2
[debug] [2018-12-04T22:08:43.131Z] Platform:      win32
[debug] [2018-12-04T22:08:43.131Z] Node Version:  v8.12.0
[debug] [2018-12-04T22:08:43.131Z] Time:          Tue Dec 04 2018 14:08:43 GMT-0800 (Pacific Standard Time)
[debug] [2018-12-04T22:08:43.131Z] ----------------------------------------------------------------------
[debug] 
[info] 
[info] Visit this URL on any device to log in:
[info] https://accounts.google.com/o/oauth2/auth?client_id=563584335869-fgrhgmd47bqnekij5i8b5pr03ho849e6.apps.googleusercontent.com&scope=email%20openid%20https%3A%2F%2Fwww.googleapis.com%2Fauth%2Fcloudplatformprojects.readonly%20https%3A%2F%2Fwww.googleapis.com%2Fauth%2Ffirebase%20https%3A%2F%2Fwww.googleapis.com%2Fauth%2Fcloud-platform&response_type=code&state=1008091281&redirect_uri=http%3A%2F%2Flocalhost%3A9005
[info] 
[info] Waiting for authentication...
[debug] [2018-12-04T22:10:34.755Z] ----------------------------------------------------------------------
[debug] [2018-12-04T22:10:34.759Z] Command:       C:\Program Files\nodejs\node.exe C:\Users\jongh\AppData\Roaming\npm\node_modules\firebase-tools\lib\bin\firebase.js login
[debug] [2018-12-04T22:10:34.763Z] CLI Version:   6.1.2
[debug] [2018-12-04T22:10:34.763Z] Platform:      win32
[debug] [2018-12-04T22:10:34.763Z] Node Version:  v8.12.0
[debug] [2018-12-04T22:10:34.763Z] Time:          Tue Dec 04 2018 14:10:34 GMT-0800 (Pacific Standard Time)
[debug] [2018-12-04T22:10:34.763Z] ----------------------------------------------------------------------
[debug] 
[info] 
[info] Visit this URL on any device to log in:
[info] https://accounts.google.com/o/oauth2/auth?client_id=563584335869-fgrhgmd47bqnekij5i8b5pr03ho849e6.apps.googleusercontent.com&scope=email%20openid%20https%3A%2F%2Fwww.googleapis.com%2Fauth%2Fcloudplatformprojects.readonly%20https%3A%2F%2Fwww.googleapis.com%2Fauth%2Ffirebase%20https%3A%2F%2Fwww.googleapis.com%2Fauth%2Fcloud-platform&response_type=code&state=487826224&redirect_uri=http%3A%2F%2Flocalhost%3A9005
[info] 
[info] Waiting for authentication...
[debug] [2018-12-04T23:22:02.395Z] ----------------------------------------------------------------------
[debug] [2018-12-04T23:22:02.395Z] Command:       C:\Program Files\nodejs\node.exe C:\Users\jongh\AppData\Roaming\npm\node_modules\firebase-tools\lib\bin\firebase.js login
[debug] [2018-12-04T23:22:02.395Z] CLI Version:   6.1.2
[debug] [2018-12-04T23:22:02.395Z] Platform:      win32
[debug] [2018-12-04T23:22:02.395Z] Node Version:  v8.12.0
[debug] [2018-12-04T23:22:02.395Z] Time:          Tue Dec 04 2018 15:22:02 GMT-0800 (Pacific Standard Time)
[debug] [2018-12-04T23:22:02.395Z] ----------------------------------------------------------------------
[debug] 
[info] 
[info] Visit this URL on any device to log in:
[info] https://accounts.google.com/o/oauth2/auth?client_id=563584335869-fgrhgmd47bqnekij5i8b5pr03ho849e6.apps.googleusercontent.com&scope=email%20openid%20https%3A%2F%2Fwww.googleapis.com%2Fauth%2Fcloudplatformprojects.readonly%20https%3A%2F%2Fwww.googleapis.com%2Fauth%2Ffirebase%20https%3A%2F%2Fwww.googleapis.com%2Fauth%2Fcloud-platform&response_type=code&state=51807839&redirect_uri=http%3A%2F%2Flocalhost%3A9005
[info] 
[info] Waiting for authentication...
